execve("./read_dev", ["./read_dev", "/dev/zero"], 0x7ffd69467788 /* 23 vars */) = 0
brk(NULL)                               = 0x5dbba0db0000
mmap(NULL, 8192, PROT_READ|PROT_WRITE, MAP_PRIVATE|MAP_ANONYMOUS, -1, 0) = 0x74558fe26000
access("/etc/ld.so.preload", R_OK)      = -1 ENOENT (No such file or directory)
openat(AT_FDCWD, "/etc/ld.so.cache", O_RDONLY|O_CLOEXEC) = 3
fstat(3, {st_mode=S_IFREG|0644, st_size=23535, ...}) = 0
mmap(NULL, 23535, PROT_READ, MAP_PRIVATE, 3, 0) = 0x74558fe20000
close(3)                                = 0
openat(AT_FDCWD, "/lib/x86_64-linux-gnu/libc.so.6", O_RDONLY|O_CLOEXEC) = 3
read(3, "\177ELF\2\1\1\3\0\0\0\0\0\0\0\0\3\0>\0\1\0\0\0\220\243\2\0\0\0\0\0"..., 832) = 832
pread64(3, "\6\0\0\0\4\0\0\0@\0\0\0\0\0\0\0@\0\0\0\0\0\0\0@\0\0\0\0\0\0\0"..., 784, 64) = 784
fstat(3, {st_mode=S_IFREG|0755, st_size=2125328, ...}) = 0
pread64(3, "\6\0\0\0\4\0\0\0@\0\0\0\0\0\0\0@\0\0\0\0\0\0\0@\0\0\0\0\0\0\0"..., 784, 64) = 784
mmap(NULL, 2170256, PROT_READ, MAP_PRIVATE|MAP_DENYWRITE, 3, 0) = 0x74558fc00000
mmap(0x74558fc28000, 1605632, PROT_READ|PROT_EXEC, MAP_PRIVATE|MAP_FIXED|MAP_DENYWRITE, 3, 0x28000) = 0x74558fc28000
mmap(0x74558fdb0000, 323584, PROT_READ, MAP_PRIVATE|MAP_FIXED|MAP_DENYWRITE, 3, 0x1b0000) = 0x74558fdb0000
mmap(0x74558fdff000, 24576, PROT_READ|PROT_WRITE, MAP_PRIVATE|MAP_FIXED|MAP_DENYWRITE, 3, 0x1fe000) = 0x74558fdff000
mmap(0x74558fe05000, 52624, PROT_READ|PROT_WRITE, MAP_PRIVATE|MAP_FIXED|MAP_ANONYMOUS, -1, 0) = 0x74558fe05000
close(3)                                = 0
mmap(NULL, 12288, PROT_READ|PROT_WRITE, MAP_PRIVATE|MAP_ANONYMOUS, -1, 0) = 0x74558fe1d000
arch_prctl(ARCH_SET_FS, 0x74558fe1d740) = 0
set_tid_address(0x74558fe1da10)         = 1695
set_robust_list(0x74558fe1da20, 24)     = 0
rseq(0x74558fe1e060, 0x20, 0, 0x53053053) = 0
mprotect(0x74558fdff000, 16384, PROT_READ) = 0
mprotect(0x5dbb9e288000, 4096, PROT_READ) = 0
mprotect(0x74558fe5e000, 8192, PROT_READ) = 0
prlimit64(0, RLIMIT_STACK, NULL, {rlim_cur=8192*1024, rlim_max=RLIM64_INFINITY}) = 0
munmap(0x74558fe20000, 23535)           = 0
openat(AT_FDCWD, "/dev/zero", O_RDONLY) = 3
read(3, "\0\0\0\0\0\0\0\0\0\0\0\0\0\0\0\0\0\0\0\0\0\0\0\0\0\0\0\0\0\0\0\0"..., 100) = 100
fstat(1, {st_mode=S_IFCHR|0620, st_rdev=makedev(0x88, 0), ...}) = 0
getrandom("\xa2\x73\xfa\xac\x4d\x3e\x7f\xcb", 8, GRND_NONBLOCK) = 8
brk(NULL)                               = 0x5dbba0db0000
brk(0x5dbba0dd1000)                     = 0x5dbba0dd1000
write(1, "\320\237\321\200\320\276\321\207\320\270\321\202\320\260\320\275\320\276 100 \320\261\320\260\320\271\321\202 "..., 47) = 47
write(1, "\320\237\320\265\321\200\320\262\321\213\320\265 \320\261\320\260\320\271\321\202\321\213 (hex): 0"..., 80) = 80
close(3)                                = 0
exit_group(0)                           = ?
+++ exited with 0 +++
